2022-07-22 22:54:56,213 WARN c.g.m.Day18Logging [main] This is a warning
2022-07-22 22:54:56,224 ERROR c.g.m.Day18Logging [main] This is an error!
2022-07-23 15:07:23,071 DEBUG c.g.m.Day18Logging [main] Hello this is a debug message
2022-07-23 15:07:23,077 INFO c.g.m.Day18Logging [main] Hello this is an info message
2022-07-23 15:07:23,077 WARN c.g.m.Day18Logging [main] This is a warning
2022-07-23 15:07:23,077 ERROR c.g.m.Day18Logging [main] This is an error!
2022-07-23 15:23:56,979 WARN o.a.h.u.Shell [main] Did not find winutils.exe: java.io.FileNotFoundException: java.io.FileNotFoundException: HADOOP_HOME and hadoop.home.dir are unset. -see https://wiki.apache.org/hadoop/WindowsProblems
2022-07-23 15:23:57,009 WARN o.a.h.u.NativeCodeLoader [main] Unable to load native-hadoop library for your platform... using builtin-java classes where applicable
2022-07-23 15:25:46,372 WARN o.a.h.u.Shell [main] Did not find winutils.exe: java.io.FileNotFoundException: java.io.FileNotFoundException: HADOOP_HOME and hadoop.home.dir are unset. -see https://wiki.apache.org/hadoop/WindowsProblems
2022-07-23 15:25:46,405 WARN o.a.h.u.NativeCodeLoader [main] Unable to load native-hadoop library for your platform... using builtin-java classes where applicable
2022-07-23 15:33:55,646 WARN o.a.h.u.Shell [main] Did not find winutils.exe: java.io.FileNotFoundException: java.io.FileNotFoundException: HADOOP_HOME and hadoop.home.dir are unset. -see https://wiki.apache.org/hadoop/WindowsProblems
2022-07-23 15:33:55,674 WARN o.a.h.u.NativeCodeLoader [main] Unable to load native-hadoop library for your platform... using builtin-java classes where applicable
2022-07-23 15:50:45,424 WARN o.a.h.u.Shell [main] Did not find winutils.exe: java.io.FileNotFoundException: java.io.FileNotFoundException: HADOOP_HOME and hadoop.home.dir are unset. -see https://wiki.apache.org/hadoop/WindowsProblems
2022-07-23 15:50:45,453 WARN o.a.h.u.NativeCodeLoader [main] Unable to load native-hadoop library for your platform... using builtin-java classes where applicable
2022-07-23 15:51:43,903 WARN o.a.h.u.Shell [main] Did not find winutils.exe: java.io.FileNotFoundException: java.io.FileNotFoundException: HADOOP_HOME and hadoop.home.dir are unset. -see https://wiki.apache.org/hadoop/WindowsProblems
2022-07-23 15:51:43,933 WARN o.a.h.u.NativeCodeLoader [main] Unable to load native-hadoop library for your platform... using builtin-java classes where applicable
2022-07-23 15:53:18,724 WARN o.a.h.u.Shell [main] Did not find winutils.exe: java.io.FileNotFoundException: java.io.FileNotFoundException: HADOOP_HOME and hadoop.home.dir are unset. -see https://wiki.apache.org/hadoop/WindowsProblems
2022-07-23 15:53:18,759 WARN o.a.h.u.NativeCodeLoader [main] Unable to load native-hadoop library for your platform... using builtin-java classes where applicable
2022-07-23 15:53:54,281 WARN o.a.h.u.Shell [main] Did not find winutils.exe: java.io.FileNotFoundException: java.io.FileNotFoundException: HADOOP_HOME and hadoop.home.dir are unset. -see https://wiki.apache.org/hadoop/WindowsProblems
2022-07-23 15:53:54,318 WARN o.a.h.u.NativeCodeLoader [main] Unable to load native-hadoop library for your platform... using builtin-java classes where applicable
2022-07-23 16:07:31,704 WARN o.a.h.u.Shell [main] Did not find winutils.exe: java.io.FileNotFoundException: java.io.FileNotFoundException: HADOOP_HOME and hadoop.home.dir are unset. -see https://wiki.apache.org/hadoop/WindowsProblems
2022-07-23 16:07:31,742 WARN o.a.h.u.NativeCodeLoader [main] Unable to load native-hadoop library for your platform... using builtin-java classes where applicable
2022-07-23 16:08:13,888 WARN o.a.h.u.Shell [main] Did not find winutils.exe: java.io.FileNotFoundException: java.io.FileNotFoundException: HADOOP_HOME and hadoop.home.dir are unset. -see https://wiki.apache.org/hadoop/WindowsProblems
2022-07-23 16:08:13,950 WARN o.a.h.u.NativeCodeLoader [main] Unable to load native-hadoop library for your platform... using builtin-java classes where applicable
2022-07-23 16:11:36,568 WARN o.a.h.u.Shell [main] Did not find winutils.exe: java.io.FileNotFoundException: java.io.FileNotFoundException: HADOOP_HOME and hadoop.home.dir are unset. -see https://wiki.apache.org/hadoop/WindowsProblems
2022-07-23 16:11:36,598 WARN o.a.h.u.NativeCodeLoader [main] Unable to load native-hadoop library for your platform... using builtin-java classes where applicable
2022-07-23 16:20:33,198 WARN o.a.h.u.Shell [main] Did not find winutils.exe: java.io.FileNotFoundException: java.io.FileNotFoundException: HADOOP_HOME and hadoop.home.dir are unset. -see https://wiki.apache.org/hadoop/WindowsProblems
2022-07-23 16:20:33,225 WARN o.a.h.u.NativeCodeLoader [main] Unable to load native-hadoop library for your platform... using builtin-java classes where applicable
2022-07-23 17:02:58,572 WARN o.a.h.u.Shell [main] Did not find winutils.exe: java.io.FileNotFoundException: java.io.FileNotFoundException: HADOOP_HOME and hadoop.home.dir are unset. -see https://wiki.apache.org/hadoop/WindowsProblems
2022-07-23 17:02:58,613 WARN o.a.h.u.NativeCodeLoader [main] Unable to load native-hadoop library for your platform... using builtin-java classes where applicable
2022-07-23 17:03:15,771 WARN o.a.s.e.ProcfsMetricsGetter [executor-heartbeater] Exception when trying to compute pagesize, as a result reporting of ProcessTree metrics is stopped
2022-07-25 14:43:07,420 WARN o.a.h.u.Shell [main] Did not find winutils.exe: java.io.FileNotFoundException: java.io.FileNotFoundException: HADOOP_HOME and hadoop.home.dir are unset. -see https://wiki.apache.org/hadoop/WindowsProblems
2022-07-25 14:43:07,454 WARN o.a.h.u.NativeCodeLoader [main] Unable to load native-hadoop library for your platform... using builtin-java classes where applicable
2022-07-25 14:52:38,316 WARN o.a.h.u.Shell [main] Did not find winutils.exe: java.io.FileNotFoundException: java.io.FileNotFoundException: HADOOP_HOME and hadoop.home.dir are unset. -see https://wiki.apache.org/hadoop/WindowsProblems
2022-07-25 14:52:38,347 WARN o.a.h.u.NativeCodeLoader [main] Unable to load native-hadoop library for your platform... using builtin-java classes where applicable
2022-07-25 14:55:43,769 WARN o.a.h.u.Shell [main] Did not find winutils.exe: java.io.FileNotFoundException: java.io.FileNotFoundException: HADOOP_HOME and hadoop.home.dir are unset. -see https://wiki.apache.org/hadoop/WindowsProblems
2022-07-25 14:55:43,802 WARN o.a.h.u.NativeCodeLoader [main] Unable to load native-hadoop library for your platform... using builtin-java classes where applicable
